Using pre-set license
Built from '2021.3/staging' branch; Version is '2021.3.19f1 (c9714fde33b6) revision 13201743'; Using compiler version '192829333'; Build Type 'Release'
OS: 'Windows 11  (10.0.22000) 64bit Core' Language: 'zh' Physical Memory: 16088 MB
BatchMode: 1, IsHumanControllingUs: 0, StartBugReporterOnCrash: 0, Is64bit: 1, IsPro: 1

COMMAND LINE ARGUMENTS:
C:\Program Files\Unity\Hub\Editor\2021.3.19f1\Editor\Unity.exe
-adb2
-batchMode
-noUpm
-name
AssetImportWorker2
-projectPath
C:/Users/User/Documents/GitHub/3D-GAME/3D game
-logFile
Logs/AssetImportWorker2.log
-srvPort
52199
Successfully changed project path to: C:/Users/User/Documents/GitHub/3D-GAME/3D game
C:/Users/User/Documents/GitHub/3D-GAME/3D game
[UnityMemory] Configuration Parameters - Can be set up in boot.config
    "memorysetup-bucket-allocator-granularity=16"
    "memorysetup-bucket-allocator-bucket-count=8"
    "memorysetup-bucket-allocator-block-size=33554432"
    "memorysetup-bucket-allocator-block-count=8"
    "memorysetup-main-allocator-block-size=16777216"
    "memorysetup-thread-allocator-block-size=16777216"
    "memorysetup-gfx-main-allocator-block-size=16777216"
    "memorysetup-gfx-thread-allocator-block-size=16777216"
    "memorysetup-cache-allocator-block-size=4194304"
    "memorysetup-typetree-allocator-block-size=2097152"
    "memorysetup-profiler-bucket-allocator-granularity=16"
    "memorysetup-profiler-bucket-allocator-bucket-count=8"
    "memorysetup-profiler-bucket-allocator-block-size=33554432"
    "memorysetup-profiler-bucket-allocator-block-count=8"
    "memorysetup-profiler-allocator-block-size=16777216"
    "memorysetup-profiler-editor-allocator-block-size=1048576"
    "memorysetup-temp-allocator-size-main=16777216"
    "memorysetup-job-temp-allocator-block-size=2097152"
    "memorysetup-job-temp-allocator-block-size-background=1048576"
    "memorysetup-job-temp-allocator-reduction-small-platforms=262144"
    "memorysetup-temp-allocator-size-background-worker=32768"
    "memorysetup-temp-allocator-size-job-worker=262144"
    "memorysetup-temp-allocator-size-preload-manager=33554432"
    "memorysetup-temp-allocator-size-nav-mesh-worker=65536"
    "memorysetup-temp-allocator-size-audio-worker=65536"
    "memorysetup-temp-allocator-size-cloud-worker=32768"
    "memorysetup-temp-allocator-size-gi-baking-worker=262144"
    "memorysetup-temp-allocator-size-gfx=262144"
Player connection [27944] Host "[IP] 140.116.111.86 [Port] 0 [Flags] 2 [Guid] 904661442 [EditorId] 904661442 [Version] 1048832 [Id] WindowsEditor(7,MSI) [Debug] 1 [PackageName] WindowsEditor [ProjectName] Editor" joined multi-casting on [225.0.0.222:54997]...

Player connection [27944] Host "[IP] 140.116.111.86 [Port] 0 [Flags] 2 [Guid] 904661442 [EditorId] 904661442 [Version] 1048832 [Id] WindowsEditor(7,MSI) [Debug] 1 [PackageName] WindowsEditor [ProjectName] Editor" joined alternative multi-casting on [225.0.0.222:34997]...

Refreshing native plugins compatible for Editor in 54.00 ms, found 3 plugins.
Preloading 0 native plugins for Editor in 0.00 ms.
Initialize engine version: 2021.3.19f1 (c9714fde33b6)
[Subsystems] Discovering subsystems at path C:/Program Files/Unity/Hub/Editor/2021.3.19f1/Editor/Data/Resources/UnitySubsystems
[Subsystems] Discovering subsystems at path C:/Users/User/Documents/GitHub/3D-GAME/3D game/Assets
GfxDevice: creating device client; threaded=0; jobified=0
Direct3D:
    Version:  Direct3D 11.0 [level 11.1]
    Renderer: NVIDIA GeForce RTX 3060 Laptop GPU (ID=0x2520)
    Vendor:   NVIDIA
    VRAM:     6009 MB
    Driver:   31.0.15.3141
Initialize mono
Mono path[0] = 'C:/Program Files/Unity/Hub/Editor/2021.3.19f1/Editor/Data/Managed'
Mono path[1] = 'C:/Program Files/Unity/Hub/Editor/2021.3.19f1/Editor/Data/MonoBleedingEdge/lib/mono/unityjit-win32'
Mono config path = 'C:/Program Files/Unity/Hub/Editor/2021.3.19f1/Editor/Data/MonoBleedingEdge/etc'
Using monoOptions --debugger-agent=transport=dt_socket,embedding=1,server=y,suspend=n,address=127.0.0.1:56932
Begin MonoManager ReloadAssembly
Registering precompiled unity dll's ...
Register platform support module: C:/Program Files/Unity/Hub/Editor/2021.3.19f1/Editor/Data/PlaybackEngines/WindowsStandaloneSupport/UnityEditor.WindowsStandalone.Extensions.dll
Registered in 0.003163 seconds.
Native extension for WindowsStandalone target not found
Refreshing native plugins compatible for Editor in 66.14 ms, found 3 plugins.
Preloading 0 native plugins for Editor in 0.00 ms.
Mono: successfully reloaded assembly
- Completed reload, in  0.458 seconds
Domain Reload Profiling:
	ReloadAssembly (458ms)
		BeginReloadAssembly (56ms)
			ExecutionOrderSort (0ms)
			DisableScriptedObjects (0ms)
			BackupInstance (0ms)
			ReleaseScriptingObjects (0ms)
			CreateAndSetChildDomain (1ms)
		EndReloadAssembly (325ms)
			LoadAssemblies (54ms)
			RebuildTransferFunctionScriptingTraits (0ms)
			SetupTypeCache (73ms)
			ReleaseScriptCaches (0ms)
			RebuildScriptCaches (19ms)
			SetupLoadedEditorAssemblies (196ms)
				LogAssemblyErrors (0ms)
				InitializePlatformSupportModulesInManaged (5ms)
				SetLoadedEditorAssemblies (0ms)
				RefreshPlugins (66ms)
				BeforeProcessingInitializeOnLoad (1ms)
				ProcessInitializeOnLoadAttributes (86ms)
				ProcessInitializeOnLoadMethodAttributes (38ms)
				AfterProcessingInitializeOnLoad (0ms)
				EditorAssembliesLoaded (0ms)
			ExecutionOrderSort2 (0ms)
			AwakeInstancesAfterBackupRestoration (0ms)
Platform modules already initialized, skipping
Registering precompiled user dll's ...
Registered in 0.003158 seconds.
Begin MonoManager ReloadAssembly
Symbol file LoadedFromMemory doesn't match image C:\Users\User\Documents\GitHub\3D-GAME\3D game\Library\PackageCache\com.unity.visualscripting@1.8.0\Editor\VisualScripting.Core\Dependencies\YamlDotNet\Unity.VisualScripting.YamlDotNet.dll
Symbol file LoadedFromMemory doesn't match image C:\Users\User\Documents\GitHub\3D-GAME\3D game\Library\PackageCache\com.unity.visualscripting@1.8.0\Editor\VisualScripting.Core\Dependencies\DotNetZip\Unity.VisualScripting.IonicZip.dll
Native extension for WindowsStandalone target not found
Refreshing native plugins compatible for Editor in 0.44 ms, found 3 plugins.
Preloading 0 native plugins for Editor in 0.00 ms.
Mono: successfully reloaded assembly
- Completed reload, in  0.696 seconds
Domain Reload Profiling:
	ReloadAssembly (696ms)
		BeginReloadAssembly (82ms)
			ExecutionOrderSort (0ms)
			DisableScriptedObjects (4ms)
			BackupInstance (0ms)
			ReleaseScriptingObjects (0ms)
			CreateAndSetChildDomain (16ms)
		EndReloadAssembly (530ms)
			LoadAssemblies (61ms)
			RebuildTransferFunctionScriptingTraits (0ms)
			SetupTypeCache (196ms)
			ReleaseScriptCaches (0ms)
			RebuildScriptCaches (32ms)
			SetupLoadedEditorAssemblies (219ms)
				LogAssemblyErrors (0ms)
				InitializePlatformSupportModulesInManaged (4ms)
				SetLoadedEditorAssemblies (0ms)
				RefreshPlugins (0ms)
				BeforeProcessingInitializeOnLoad (52ms)
				ProcessInitializeOnLoadAttributes (145ms)
				ProcessInitializeOnLoadMethodAttributes (13ms)
				AfterProcessingInitializeOnLoad (5ms)
				EditorAssembliesLoaded (0ms)
			ExecutionOrderSort2 (0ms)
			AwakeInstancesAfterBackupRestoration (4ms)
Platform modules already initialized, skipping
========================================================================
Worker process is ready to serve import requests
Launched and connected shader compiler UnityShaderCompiler.exe after 0.04 seconds
Refreshing native plugins compatible for Editor in 0.59 ms, found 3 plugins.
Preloading 0 native plugins for Editor in 0.00 ms.
Unloading 3052 Unused Serialized files (Serialized files now loaded: 0)
Unloading 24 unused Assets / (113.4 KB). Loaded Objects now: 3512.
Memory consumption went from 111.9 MB to 111.8 MB.
Total: 3.723200 ms (FindLiveObjects: 0.277700 ms CreateObjectMapping: 0.197400 ms MarkObjects: 3.125600 ms  DeleteObjects: 0.121300 ms)

AssetImportParameters requested are different than current active one (requested -> active):
  custom:video-decoder-ogg-theora: a1e56fd34408186e4bbccfd4996cb3dc -> 
  custom:container-muxer-webm: aa71ff27fc2769a1b78a27578f13a17b -> 
  custom:container-demuxer-webm: 4f35f7cbe854078d1ac9338744f61a02 -> 
  custom:video-encoder-webm-vp8: eb34c28f22e8b96e1ab97ce403110664 -> 
  custom:video-codec-MediaFoundation-h265: 746d11721c4dcdbdad8f713fa42b33f4 -> 
  custom:audio-encoder-webm-vorbis: bf7c407c2cedff20999df2af8eb42d56 -> 
  custom:framework-win-MediaFoundation: 216162199b28c13a410421893ffa2e32 -> 
  custom:container-demuxer-ogg: 62fdf1f143b41e24485cea50d1cbac27 -> 
  custom:video-decoder-webm-vp8: 9c59270c3fd7afecdb556c50c9e8de78 -> 
  custom:audio-decoder-ogg-vorbis: bf7c407c2cedff20999df2af8eb42d56 -> 
========================================================================
Received Import Request.
  Time since last request: 25898.441890 seconds.
  path: Assets/512x512/Elements/Elements_02-512x512.png
  artifactKey: Guid(794a3f29d7f873a42b17e9330c15caaf) Importer(815301076,1909f56bfc062723c751e8b465ee728b)
Start importing Assets/512x512/Elements/Elements_02-512x512.png using Guid(794a3f29d7f873a42b17e9330c15caaf) Importer(815301076,1909f56bfc062723c751e8b465ee728b)  -> (artifact id: 'c92686528c8dadbbd12ef91cd6e22b9b') in 0.127381 seconds 
========================================================================
Received Import Request.
  Time since last request: 0.804164 seconds.
  path: Assets/512x512/Plaster/Plaster_02-512x512.png
  artifactKey: Guid(bb7a3b162c7911749b0dd87808c97cfc) Importer(815301076,1909f56bfc062723c751e8b465ee728b)
Start importing Assets/512x512/Plaster/Plaster_02-512x512.png using Guid(bb7a3b162c7911749b0dd87808c97cfc) Importer(815301076,1909f56bfc062723c751e8b465ee728b)  -> (artifact id: '7e275c97493065fe7fc2914bb89c39b1') in 0.012512 seconds 
========================================================================
Received Import Request.
  Time since last request: 0.000019 seconds.
  path: Assets/512x512/Plaster/Plaster_15-512x512.png
  artifactKey: Guid(d5550d7eff383b1408c7c2d35ff87b61) Importer(815301076,1909f56bfc062723c751e8b465ee728b)
Start importing Assets/512x512/Plaster/Plaster_15-512x512.png using Guid(d5550d7eff383b1408c7c2d35ff87b61) Importer(815301076,1909f56bfc062723c751e8b465ee728b)  -> (artifact id: '78bcd75b957ffd75273ca28e53d55cd4') in 0.008215 seconds 
========================================================================
Received Import Request.
  Time since last request: 0.000021 seconds.
  path: Assets/512x512/Plaster/Plaster_09-512x512.png
  artifactKey: Guid(c0dc38b8aff75604d9dde3a243cbfc90) Importer(815301076,1909f56bfc062723c751e8b465ee728b)
Start importing Assets/512x512/Plaster/Plaster_09-512x512.png using Guid(c0dc38b8aff75604d9dde3a243cbfc90) Importer(815301076,1909f56bfc062723c751e8b465ee728b)  -> (artifact id: 'dfc783b748672c840fef9e3e815aaf30') in 0.007398 seconds 
========================================================================
Received Import Request.
  Time since last request: 0.000032 seconds.
  path: Assets/512x512/Plaster/Plaster_18-512x512.png
  artifactKey: Guid(5b6be079628bd014b84286c321a4cc49) Importer(815301076,1909f56bfc062723c751e8b465ee728b)
Start importing Assets/512x512/Plaster/Plaster_18-512x512.png using Guid(5b6be079628bd014b84286c321a4cc49) Importer(815301076,1909f56bfc062723c751e8b465ee728b)  -> (artifact id: '5e4b18dde5ec84294121506724262394') in 0.007292 seconds 
========================================================================
Received Import Request.
  Time since last request: 0.873491 seconds.
  path: Assets/512x512/Stone/Stone_02-512x512.png
  artifactKey: Guid(50d0a045f9d1fd043b2af3af76801742) Importer(815301076,1909f56bfc062723c751e8b465ee728b)
Start importing Assets/512x512/Stone/Stone_02-512x512.png using Guid(50d0a045f9d1fd043b2af3af76801742) Importer(815301076,1909f56bfc062723c751e8b465ee728b)  -> (artifact id: 'ff4f2a7c6d2041e9bd8165e9547efc65') in 0.015430 seconds 
========================================================================
Received Import Request.
  Time since last request: 0.000015 seconds.
  path: Assets/512x512/Stone/Stone_14-512x512.png
  artifactKey: Guid(46ad816e643b85c41a4a18b4d567c5bc) Importer(815301076,1909f56bfc062723c751e8b465ee728b)
Start importing Assets/512x512/Stone/Stone_14-512x512.png using Guid(46ad816e643b85c41a4a18b4d567c5bc) Importer(815301076,1909f56bfc062723c751e8b465ee728b)  -> (artifact id: '0e0c918fc380cb447b34e748a3497148') in 0.011277 seconds 
========================================================================
Received Import Request.
  Time since last request: 0.000017 seconds.
  path: Assets/512x512/Stone/Stone_17-512x512.png
  artifactKey: Guid(006c019e81e4a834a9c3f56b482623e8) Importer(815301076,1909f56bfc062723c751e8b465ee728b)
Start importing Assets/512x512/Stone/Stone_17-512x512.png using Guid(006c019e81e4a834a9c3f56b482623e8) Importer(815301076,1909f56bfc062723c751e8b465ee728b)  -> (artifact id: '0e01c93164103bb01e413b5c7ff521d6') in 0.009316 seconds 
========================================================================
Received Import Request.
  Time since last request: 0.000016 seconds.
  path: Assets/512x512/Stone/Stone_06-512x512.png
  artifactKey: Guid(c7b5a53e31d2ee043bb8f351022943db) Importer(815301076,1909f56bfc062723c751e8b465ee728b)
Start importing Assets/512x512/Stone/Stone_06-512x512.png using Guid(c7b5a53e31d2ee043bb8f351022943db) Importer(815301076,1909f56bfc062723c751e8b465ee728b)  -> (artifact id: 'd04aff3216f1c0f4cb9e98f7eb9dda5c') in 0.007554 seconds 
========================================================================
Received Import Request.
  Time since last request: 0.892660 seconds.
  path: Assets/512x512/Tile/Tile_02-512x512.png
  artifactKey: Guid(9c801cb42e595d444b6d8f418069ff9d) Importer(815301076,1909f56bfc062723c751e8b465ee728b)
Start importing Assets/512x512/Tile/Tile_02-512x512.png using Guid(9c801cb42e595d444b6d8f418069ff9d) Importer(815301076,1909f56bfc062723c751e8b465ee728b)  -> (artifact id: 'af373b6f7e2ed8a6968d337f46fa5322') in 0.016911 seconds 
========================================================================
Received Import Request.
  Time since last request: 0.000020 seconds.
  path: Assets/512x512/Tile/Tile_13-512x512.png
  artifactKey: Guid(3a61fdf835893644c91d2c5e07a73bd7) Importer(815301076,1909f56bfc062723c751e8b465ee728b)
Start importing Assets/512x512/Tile/Tile_13-512x512.png using Guid(3a61fdf835893644c91d2c5e07a73bd7) Importer(815301076,1909f56bfc062723c751e8b465ee728b)  -> (artifact id: '9e131b8e53f6527eeb967ee4196a1d60') in 0.008553 seconds 
========================================================================
Received Import Request.
  Time since last request: 0.000015 seconds.
  path: Assets/512x512/Tile/Tile_12-512x512.png
  artifactKey: Guid(99195b25ec8272a4691219056ff5ad49) Importer(815301076,1909f56bfc062723c751e8b465ee728b)
Start importing Assets/512x512/Tile/Tile_12-512x512.png using Guid(99195b25ec8272a4691219056ff5ad49) Importer(815301076,1909f56bfc062723c751e8b465ee728b)  -> (artifact id: 'e255ac8f97a8e9f5867a00cb5edbdfbd') in 0.012020 seconds 
========================================================================
Received Import Request.
  Time since last request: 0.000018 seconds.
  path: Assets/512x512/Tile/Tile_19-512x512.png
  artifactKey: Guid(d8e795636d7f61e449722a764b2ae4a6) Importer(815301076,1909f56bfc062723c751e8b465ee728b)
Start importing Assets/512x512/Tile/Tile_19-512x512.png using Guid(d8e795636d7f61e449722a764b2ae4a6) Importer(815301076,1909f56bfc062723c751e8b465ee728b)  -> (artifact id: 'b6c2d8fde0c3ea344f63678c52775053') in 0.014470 seconds 
Editor requested this worker to shutdown with reason: Scaling down because of idle timeout
AssetImportWorker is now disconnected from the server
Process exiting
Exiting without the bug reporter. Application will terminate with return code 0