Using pre-set license
Built from '2021.3/staging' branch; Version is '2021.3.19f1 (c9714fde33b6) revision 13201743'; Using compiler version '192829333'; Build Type 'Release'
OS: 'Windows 11  (10.0.22000) 64bit Core' Language: 'zh' Physical Memory: 16088 MB
BatchMode: 1, IsHumanControllingUs: 0, StartBugReporterOnCrash: 0, Is64bit: 1, IsPro: 1

COMMAND LINE ARGUMENTS:
C:\Program Files\Unity\Hub\Editor\2021.3.19f1\Editor\Unity.exe
-adb2
-batchMode
-noUpm
-name
AssetImportWorker3
-projectPath
C:/Users/User/Documents/GitHub/3D-GAME/3D game
-logFile
Logs/AssetImportWorker3.log
-srvPort
52199
Successfully changed project path to: C:/Users/User/Documents/GitHub/3D-GAME/3D game
C:/Users/User/Documents/GitHub/3D-GAME/3D game
[UnityMemory] Configuration Parameters - Can be set up in boot.config
    "memorysetup-bucket-allocator-granularity=16"
    "memorysetup-bucket-allocator-bucket-count=8"
    "memorysetup-bucket-allocator-block-size=33554432"
    "memorysetup-bucket-allocator-block-count=8"
    "memorysetup-main-allocator-block-size=16777216"
    "memorysetup-thread-allocator-block-size=16777216"
    "memorysetup-gfx-main-allocator-block-size=16777216"
    "memorysetup-gfx-thread-allocator-block-size=16777216"
    "memorysetup-cache-allocator-block-size=4194304"
    "memorysetup-typetree-allocator-block-size=2097152"
    "memorysetup-profiler-bucket-allocator-granularity=16"
    "memorysetup-profiler-bucket-allocator-bucket-count=8"
    "memorysetup-profiler-bucket-allocator-block-size=33554432"
    "memorysetup-profiler-bucket-allocator-block-count=8"
    "memorysetup-profiler-allocator-block-size=16777216"
    "memorysetup-profiler-editor-allocator-block-size=1048576"
    "memorysetup-temp-allocator-size-main=16777216"
    "memorysetup-job-temp-allocator-block-size=2097152"
    "memorysetup-job-temp-allocator-block-size-background=1048576"
    "memorysetup-job-temp-allocator-reduction-small-platforms=262144"
    "memorysetup-temp-allocator-size-background-worker=32768"
    "memorysetup-temp-allocator-size-job-worker=262144"
    "memorysetup-temp-allocator-size-preload-manager=33554432"
    "memorysetup-temp-allocator-size-nav-mesh-worker=65536"
    "memorysetup-temp-allocator-size-audio-worker=65536"
    "memorysetup-temp-allocator-size-cloud-worker=32768"
    "memorysetup-temp-allocator-size-gi-baking-worker=262144"
    "memorysetup-temp-allocator-size-gfx=262144"
Player connection [23600] Host "[IP] 140.116.111.86 [Port] 0 [Flags] 2 [Guid] 571797711 [EditorId] 571797711 [Version] 1048832 [Id] WindowsEditor(7,MSI) [Debug] 1 [PackageName] WindowsEditor [ProjectName] Editor" joined multi-casting on [225.0.0.222:54997]...

Player connection [23600] Host "[IP] 140.116.111.86 [Port] 0 [Flags] 2 [Guid] 571797711 [EditorId] 571797711 [Version] 1048832 [Id] WindowsEditor(7,MSI) [Debug] 1 [PackageName] WindowsEditor [ProjectName] Editor" joined alternative multi-casting on [225.0.0.222:34997]...

Refreshing native plugins compatible for Editor in 57.80 ms, found 3 plugins.
Preloading 0 native plugins for Editor in 0.00 ms.
Initialize engine version: 2021.3.19f1 (c9714fde33b6)
[Subsystems] Discovering subsystems at path C:/Program Files/Unity/Hub/Editor/2021.3.19f1/Editor/Data/Resources/UnitySubsystems
[Subsystems] Discovering subsystems at path C:/Users/User/Documents/GitHub/3D-GAME/3D game/Assets
GfxDevice: creating device client; threaded=0; jobified=0
Direct3D:
    Version:  Direct3D 11.0 [level 11.1]
    Renderer: NVIDIA GeForce RTX 3060 Laptop GPU (ID=0x2520)
    Vendor:   NVIDIA
    VRAM:     6009 MB
    Driver:   31.0.15.3141
Initialize mono
Mono path[0] = 'C:/Program Files/Unity/Hub/Editor/2021.3.19f1/Editor/Data/Managed'
Mono path[1] = 'C:/Program Files/Unity/Hub/Editor/2021.3.19f1/Editor/Data/MonoBleedingEdge/lib/mono/unityjit-win32'
Mono config path = 'C:/Program Files/Unity/Hub/Editor/2021.3.19f1/Editor/Data/MonoBleedingEdge/etc'
Using monoOptions --debugger-agent=transport=dt_socket,embedding=1,server=y,suspend=n,address=127.0.0.1:56452
Begin MonoManager ReloadAssembly
Registering precompiled unity dll's ...
Register platform support module: C:/Program Files/Unity/Hub/Editor/2021.3.19f1/Editor/Data/PlaybackEngines/WindowsStandaloneSupport/UnityEditor.WindowsStandalone.Extensions.dll
Registered in 0.003373 seconds.
Native extension for WindowsStandalone target not found
Refreshing native plugins compatible for Editor in 66.34 ms, found 3 plugins.
Preloading 0 native plugins for Editor in 0.00 ms.
Mono: successfully reloaded assembly
- Completed reload, in  0.452 seconds
Domain Reload Profiling:
	ReloadAssembly (453ms)
		BeginReloadAssembly (54ms)
			ExecutionOrderSort (0ms)
			DisableScriptedObjects (0ms)
			BackupInstance (0ms)
			ReleaseScriptingObjects (0ms)
			CreateAndSetChildDomain (1ms)
		EndReloadAssembly (322ms)
			LoadAssemblies (51ms)
			RebuildTransferFunctionScriptingTraits (0ms)
			SetupTypeCache (72ms)
			ReleaseScriptCaches (0ms)
			RebuildScriptCaches (19ms)
			SetupLoadedEditorAssemblies (193ms)
				LogAssemblyErrors (0ms)
				InitializePlatformSupportModulesInManaged (5ms)
				SetLoadedEditorAssemblies (0ms)
				RefreshPlugins (66ms)
				BeforeProcessingInitializeOnLoad (1ms)
				ProcessInitializeOnLoadAttributes (87ms)
				ProcessInitializeOnLoadMethodAttributes (34ms)
				AfterProcessingInitializeOnLoad (0ms)
				EditorAssembliesLoaded (0ms)
			ExecutionOrderSort2 (0ms)
			AwakeInstancesAfterBackupRestoration (0ms)
Platform modules already initialized, skipping
Registering precompiled user dll's ...
Registered in 0.003005 seconds.
Begin MonoManager ReloadAssembly
Symbol file LoadedFromMemory doesn't match image C:\Users\User\Documents\GitHub\3D-GAME\3D game\Library\PackageCache\com.unity.visualscripting@1.8.0\Editor\VisualScripting.Core\Dependencies\YamlDotNet\Unity.VisualScripting.YamlDotNet.dll
Symbol file LoadedFromMemory doesn't match image C:\Users\User\Documents\GitHub\3D-GAME\3D game\Library\PackageCache\com.unity.visualscripting@1.8.0\Editor\VisualScripting.Core\Dependencies\DotNetZip\Unity.VisualScripting.IonicZip.dll
Native extension for WindowsStandalone target not found
Refreshing native plugins compatible for Editor in 0.40 ms, found 3 plugins.
Preloading 0 native plugins for Editor in 0.00 ms.
Mono: successfully reloaded assembly
- Completed reload, in  0.697 seconds
Domain Reload Profiling:
	ReloadAssembly (697ms)
		BeginReloadAssembly (83ms)
			ExecutionOrderSort (0ms)
			DisableScriptedObjects (4ms)
			BackupInstance (0ms)
			ReleaseScriptingObjects (0ms)
			CreateAndSetChildDomain (16ms)
		EndReloadAssembly (529ms)
			LoadAssemblies (62ms)
			RebuildTransferFunctionScriptingTraits (0ms)
			SetupTypeCache (194ms)
			ReleaseScriptCaches (0ms)
			RebuildScriptCaches (33ms)
			SetupLoadedEditorAssemblies (218ms)
				LogAssemblyErrors (0ms)
				InitializePlatformSupportModulesInManaged (4ms)
				SetLoadedEditorAssemblies (0ms)
				RefreshPlugins (0ms)
				BeforeProcessingInitializeOnLoad (52ms)
				ProcessInitializeOnLoadAttributes (144ms)
				ProcessInitializeOnLoadMethodAttributes (13ms)
				AfterProcessingInitializeOnLoad (5ms)
				EditorAssembliesLoaded (0ms)
			ExecutionOrderSort2 (0ms)
			AwakeInstancesAfterBackupRestoration (4ms)
Platform modules already initialized, skipping
========================================================================
Worker process is ready to serve import requests
Launched and connected shader compiler UnityShaderCompiler.exe after 0.04 seconds
Refreshing native plugins compatible for Editor in 0.72 ms, found 3 plugins.
Preloading 0 native plugins for Editor in 0.00 ms.
Unloading 3052 Unused Serialized files (Serialized files now loaded: 0)
Unloading 24 unused Assets / (113.4 KB). Loaded Objects now: 3512.
Memory consumption went from 112.0 MB to 111.8 MB.
Total: 3.900600 ms (FindLiveObjects: 0.249300 ms CreateObjectMapping: 0.146700 ms MarkObjects: 3.366300 ms  DeleteObjects: 0.136900 ms)

AssetImportParameters requested are different than current active one (requested -> active):
  custom:video-decoder-ogg-theora: a1e56fd34408186e4bbccfd4996cb3dc -> 
  custom:container-muxer-webm: aa71ff27fc2769a1b78a27578f13a17b -> 
  custom:container-demuxer-webm: 4f35f7cbe854078d1ac9338744f61a02 -> 
  custom:video-encoder-webm-vp8: eb34c28f22e8b96e1ab97ce403110664 -> 
  custom:video-codec-MediaFoundation-h265: 746d11721c4dcdbdad8f713fa42b33f4 -> 
  custom:audio-encoder-webm-vorbis: bf7c407c2cedff20999df2af8eb42d56 -> 
  custom:framework-win-MediaFoundation: 216162199b28c13a410421893ffa2e32 -> 
  custom:container-demuxer-ogg: 62fdf1f143b41e24485cea50d1cbac27 -> 
  custom:video-decoder-webm-vp8: 9c59270c3fd7afecdb556c50c9e8de78 -> 
  custom:audio-decoder-ogg-vorbis: bf7c407c2cedff20999df2af8eb42d56 -> 
========================================================================
Received Import Request.
  Time since last request: 25898.442436 seconds.
  path: Assets/512x512/Elements/Elements_05-512x512.png
  artifactKey: Guid(d19702df5d498934fb348c3ccef9cbff) Importer(815301076,1909f56bfc062723c751e8b465ee728b)
Start importing Assets/512x512/Elements/Elements_05-512x512.png using Guid(d19702df5d498934fb348c3ccef9cbff) Importer(815301076,1909f56bfc062723c751e8b465ee728b)  -> (artifact id: 'eb58166ae43cbaed9bca28563233a894') in 0.149817 seconds 
========================================================================
Received Import Request.
  Time since last request: 0.781125 seconds.
  path: Assets/512x512/Plaster/Plaster_05-512x512.png
  artifactKey: Guid(6f537ecf8a251f34ab314b9bec1767c4) Importer(815301076,1909f56bfc062723c751e8b465ee728b)
Start importing Assets/512x512/Plaster/Plaster_05-512x512.png using Guid(6f537ecf8a251f34ab314b9bec1767c4) Importer(815301076,1909f56bfc062723c751e8b465ee728b)  -> (artifact id: '953b7bae47e02078bb5082e647ea4eab') in 0.013599 seconds 
========================================================================
Received Import Request.
  Time since last request: 0.000024 seconds.
  path: Assets/512x512/Plaster/Plaster_10-512x512.png
  artifactKey: Guid(00fca5e1eb377f844b7461fee0d82dd9) Importer(815301076,1909f56bfc062723c751e8b465ee728b)
Start importing Assets/512x512/Plaster/Plaster_10-512x512.png using Guid(00fca5e1eb377f844b7461fee0d82dd9) Importer(815301076,1909f56bfc062723c751e8b465ee728b)  -> (artifact id: '6aed983d6e0ea719e200de0eb46c2e47') in 0.008357 seconds 
========================================================================
Received Import Request.
  Time since last request: 0.000015 seconds.
  path: Assets/512x512/Plaster/Plaster_20-512x512.png
  artifactKey: Guid(f1eecf89215b1b84182b226f9ed103b2) Importer(815301076,1909f56bfc062723c751e8b465ee728b)
Start importing Assets/512x512/Plaster/Plaster_20-512x512.png using Guid(f1eecf89215b1b84182b226f9ed103b2) Importer(815301076,1909f56bfc062723c751e8b465ee728b)  -> (artifact id: '6b6884c541281195325c3319a0149542') in 0.007122 seconds 
========================================================================
Received Import Request.
  Time since last request: 0.000017 seconds.
  path: Assets/512x512/Plaster/Plaster_19-512x512.png
  artifactKey: Guid(cd20655909c5fb043b8f6dd2809ee2c3) Importer(815301076,1909f56bfc062723c751e8b465ee728b)
Start importing Assets/512x512/Plaster/Plaster_19-512x512.png using Guid(cd20655909c5fb043b8f6dd2809ee2c3) Importer(815301076,1909f56bfc062723c751e8b465ee728b)  -> (artifact id: '6b37bc6f1a7df95fd61e348c56837037') in 0.007834 seconds 
========================================================================
Received Import Request.
  Time since last request: 0.873360 seconds.
  path: Assets/512x512/Stone/Stone_05-512x512.png
  artifactKey: Guid(8b79759b35908dc4d898b052ae350dfe) Importer(815301076,1909f56bfc062723c751e8b465ee728b)
Start importing Assets/512x512/Stone/Stone_05-512x512.png using Guid(8b79759b35908dc4d898b052ae350dfe) Importer(815301076,1909f56bfc062723c751e8b465ee728b)  -> (artifact id: '8fda894a05390ec2f8456ffcb435c746') in 0.012472 seconds 
========================================================================
Received Import Request.
  Time since last request: 0.000017 seconds.
  path: Assets/512x512/Stone/Stone_07-512x512.png
  artifactKey: Guid(fb668c5d8bb0fe048954eb12b94e030a) Importer(815301076,1909f56bfc062723c751e8b465ee728b)
Start importing Assets/512x512/Stone/Stone_07-512x512.png using Guid(fb668c5d8bb0fe048954eb12b94e030a) Importer(815301076,1909f56bfc062723c751e8b465ee728b)  -> (artifact id: 'fe3c9a381b98dc8ab6cf766b81518fe6') in 0.010139 seconds 
========================================================================
Received Import Request.
  Time since last request: 0.000016 seconds.
  path: Assets/512x512/Stone/Stone_15-512x512.png
  artifactKey: Guid(915b267c11f883f41b0b42ab12af58f1) Importer(815301076,1909f56bfc062723c751e8b465ee728b)
Start importing Assets/512x512/Stone/Stone_15-512x512.png using Guid(915b267c11f883f41b0b42ab12af58f1) Importer(815301076,1909f56bfc062723c751e8b465ee728b)  -> (artifact id: '8e244ace8d5cb8a72d26f0b35121650c') in 0.013041 seconds 
========================================================================
Received Import Request.
  Time since last request: 0.000022 seconds.
  path: Assets/512x512/Stone/Stone_11-512x512.png
  artifactKey: Guid(b3123b3f7157fb445b09952880d22f91) Importer(815301076,1909f56bfc062723c751e8b465ee728b)
Start importing Assets/512x512/Stone/Stone_11-512x512.png using Guid(b3123b3f7157fb445b09952880d22f91) Importer(815301076,1909f56bfc062723c751e8b465ee728b)  -> (artifact id: '5f7729d0b20361689e62d7716fe7f6ae') in 0.010861 seconds 
========================================================================
Received Import Request.
  Time since last request: 0.887969 seconds.
  path: Assets/512x512/Tile/Tile_05-512x512.png
  artifactKey: Guid(030bc76d65a256348b7e8c2cac4295f3) Importer(815301076,1909f56bfc062723c751e8b465ee728b)
Start importing Assets/512x512/Tile/Tile_05-512x512.png using Guid(030bc76d65a256348b7e8c2cac4295f3) Importer(815301076,1909f56bfc062723c751e8b465ee728b)  -> (artifact id: '3e7d261e532245800f3462573e148324') in 0.013307 seconds 
========================================================================
Received Import Request.
  Time since last request: 0.000015 seconds.
  path: Assets/512x512/Tile/Tile_11-512x512.png
  artifactKey: Guid(4a2e6d410d05c164b86104823c425500) Importer(815301076,1909f56bfc062723c751e8b465ee728b)
Start importing Assets/512x512/Tile/Tile_11-512x512.png using Guid(4a2e6d410d05c164b86104823c425500) Importer(815301076,1909f56bfc062723c751e8b465ee728b)  -> (artifact id: 'a4432679adbb497861909bd8508e9b70') in 0.012069 seconds 
========================================================================
Received Import Request.
  Time since last request: 0.000014 seconds.
  path: Assets/512x512/Tile/Tile_15-512x512.png
  artifactKey: Guid(1d5b03bca82e5dd47a3a5b9309538e87) Importer(815301076,1909f56bfc062723c751e8b465ee728b)
Start importing Assets/512x512/Tile/Tile_15-512x512.png using Guid(1d5b03bca82e5dd47a3a5b9309538e87) Importer(815301076,1909f56bfc062723c751e8b465ee728b)  -> (artifact id: 'a9da2962fa17a3d44135e2be1e337c51') in 0.009692 seconds 
========================================================================
Received Import Request.
  Time since last request: 0.000015 seconds.
  path: Assets/512x512/Tile/Tile_18-512x512.png
  artifactKey: Guid(26b7d2ef99bf5b442a2b3d51e5c27505) Importer(815301076,1909f56bfc062723c751e8b465ee728b)
Start importing Assets/512x512/Tile/Tile_18-512x512.png using Guid(26b7d2ef99bf5b442a2b3d51e5c27505) Importer(815301076,1909f56bfc062723c751e8b465ee728b)  -> (artifact id: '080bc9c0ee6da95025a5eb127f80331c') in 0.017281 seconds 
========================================================================
Received Import Request.
  Time since last request: 224.659479 seconds.
  path: Assets/YughuesFreeMetalMaterials/Materials/M_YFMM_02.mat
  artifactKey: Guid(f99c2f606e487bd4ba7c619b09a10f39) Importer(815301076,1909f56bfc062723c751e8b465ee728b)
Start importing Assets/YughuesFreeMetalMaterials/Materials/M_YFMM_02.mat using Guid(f99c2f606e487bd4ba7c619b09a10f39) Importer(815301076,1909f56bfc062723c751e8b465ee728b)  -> (artifact id: '825cb53c42e95246287a000267252bd8') in 0.359699 seconds 
========================================================================
Received Import Request.
  Time since last request: 0.000156 seconds.
  path: Assets/YughuesFreeMetalMaterials/Materials/M_YFMM_33.mat
  artifactKey: Guid(2d4eb4632ff89504084de124ceedf2e4) Importer(815301076,1909f56bfc062723c751e8b465ee728b)
Start importing Assets/YughuesFreeMetalMaterials/Materials/M_YFMM_33.mat using Guid(2d4eb4632ff89504084de124ceedf2e4) Importer(815301076,1909f56bfc062723c751e8b465ee728b)  -> (artifact id: 'd622d05cd0a7182c0d34cf13821ff738') in 0.013084 seconds 
========================================================================
Received Import Request.
  Time since last request: 0.000031 seconds.
  path: Assets/YughuesFreeMetalMaterials/Materials/M_YFMM_49.mat
  artifactKey: Guid(2e501b641f5503e4d9442eb5c3f96f74) Importer(815301076,1909f56bfc062723c751e8b465ee728b)
Start importing Assets/YughuesFreeMetalMaterials/Materials/M_YFMM_49.mat using Guid(2e501b641f5503e4d9442eb5c3f96f74) Importer(815301076,1909f56bfc062723c751e8b465ee728b)  -> (artifact id: 'c611714d310c58b8d3626632fede4a50') in 0.010862 seconds 
========================================================================
Received Import Request.
  Time since last request: 0.000018 seconds.
  path: Assets/YughuesFreeMetalMaterials/Materials/M_YFMM_09.mat
  artifactKey: Guid(815726b91e0e2d34a84b7ddc790e5b86) Importer(815301076,1909f56bfc062723c751e8b465ee728b)
Start importing Assets/YughuesFreeMetalMaterials/Materials/M_YFMM_09.mat using Guid(815726b91e0e2d34a84b7ddc790e5b86) Importer(815301076,1909f56bfc062723c751e8b465ee728b)  -> (artifact id: '181ba1ea2ee482368b16c996ab5a6b5a') in 0.011214 seconds 
========================================================================
Received Import Request.
  Time since last request: 0.000026 seconds.
  path: Assets/YughuesFreeMetalMaterials/Materials/M_YFMM_11.mat
  artifactKey: Guid(bacc7ee8fd0869d45be470f049e53d8b) Importer(815301076,1909f56bfc062723c751e8b465ee728b)
Start importing Assets/YughuesFreeMetalMaterials/Materials/M_YFMM_11.mat using Guid(bacc7ee8fd0869d45be470f049e53d8b) Importer(815301076,1909f56bfc062723c751e8b465ee728b)  -> (artifact id: '5aa63dab1b1c8ebecea5b1696d3fc6f9') in 0.010472 seconds 
========================================================================
Received Import Request.
  Time since last request: 0.000021 seconds.
  path: Assets/YughuesFreeMetalMaterials/Materials/M_YFMM_20.mat
  artifactKey: Guid(b1ec81eca85a9d84ea5f62901c99f89d) Importer(815301076,1909f56bfc062723c751e8b465ee728b)
Start importing Assets/YughuesFreeMetalMaterials/Materials/M_YFMM_20.mat using Guid(b1ec81eca85a9d84ea5f62901c99f89d) Importer(815301076,1909f56bfc062723c751e8b465ee728b)  -> (artifact id: 'a0e1191065605fc2ab60bf78188ef575') in 0.010359 seconds 
========================================================================
Received Import Request.
  Time since last request: 0.000021 seconds.
  path: Assets/YughuesFreeMetalMaterials/Materials/M_YFMM_36.mat
  artifactKey: Guid(9b8a78dbb8e688e468daf2da07cf93b6) Importer(815301076,1909f56bfc062723c751e8b465ee728b)
Start importing Assets/YughuesFreeMetalMaterials/Materials/M_YFMM_36.mat using Guid(9b8a78dbb8e688e468daf2da07cf93b6) Importer(815301076,1909f56bfc062723c751e8b465ee728b)  -> (artifact id: '4952927349ab03b4744791e98554e584') in 0.009879 seconds 
========================================================================
Received Import Request.
  Time since last request: 0.000023 seconds.
  path: Assets/YughuesFreeMetalMaterials/Materials/M_YFMM_31.mat
  artifactKey: Guid(08d90a021f5ea464d8839057832cbb6c) Importer(815301076,1909f56bfc062723c751e8b465ee728b)
Start importing Assets/YughuesFreeMetalMaterials/Materials/M_YFMM_31.mat using Guid(08d90a021f5ea464d8839057832cbb6c) Importer(815301076,1909f56bfc062723c751e8b465ee728b)  -> (artifact id: 'c535bb95a7039b2bc3c2191b80898dfc') in 0.013840 seconds 
========================================================================
Received Import Request.
  Time since last request: 0.000026 seconds.
  path: Assets/YughuesFreeMetalMaterials/Materials/M_YFMM_25.mat
  artifactKey: Guid(66bb025986bd66c479f0fe7e007798b0) Importer(815301076,1909f56bfc062723c751e8b465ee728b)
Start importing Assets/YughuesFreeMetalMaterials/Materials/M_YFMM_25.mat using Guid(66bb025986bd66c479f0fe7e007798b0) Importer(815301076,1909f56bfc062723c751e8b465ee728b)  -> (artifact id: '233748a0c835cb84210ac621d1d9e3e7') in 0.012366 seconds 
========================================================================
Received Import Request.
  Time since last request: 0.000021 seconds.
  path: Assets/YughuesFreeMetalMaterials/Materials/M_YFMM_35.mat
  artifactKey: Guid(9607862bf90553342b6c7a1e3d273805) Importer(815301076,1909f56bfc062723c751e8b465ee728b)
Start importing Assets/YughuesFreeMetalMaterials/Materials/M_YFMM_35.mat using Guid(9607862bf90553342b6c7a1e3d273805) Importer(815301076,1909f56bfc062723c751e8b465ee728b)  -> (artifact id: '7e007c38684a27aa250c0b07a37fccfc') in 0.011593 seconds 
========================================================================
Received Import Request.
  Time since last request: 0.000025 seconds.
  path: Assets/YughuesFreeMetalMaterials/Materials/M_YFMM_46.mat
  artifactKey: Guid(4284e0aad15d6b64d86768e51640a3aa) Importer(815301076,1909f56bfc062723c751e8b465ee728b)
Start importing Assets/YughuesFreeMetalMaterials/Materials/M_YFMM_46.mat using Guid(4284e0aad15d6b64d86768e51640a3aa) Importer(815301076,1909f56bfc062723c751e8b465ee728b)  -> (artifact id: '542af9c7f37e125fce55ec2279c65945') in 0.012797 seconds 
========================================================================
Received Import Request.
  Time since last request: 0.000020 seconds.
  path: Assets/YughuesFreeMetalMaterials/Materials/M_YFMM_37.mat
  artifactKey: Guid(b944d3c9a69fd6142b438414bbddcd4a) Importer(815301076,1909f56bfc062723c751e8b465ee728b)
Start importing Assets/YughuesFreeMetalMaterials/Materials/M_YFMM_37.mat using Guid(b944d3c9a69fd6142b438414bbddcd4a) Importer(815301076,1909f56bfc062723c751e8b465ee728b)  -> (artifact id: '3f909cd564d7433c29a7d662c954a10e') in 0.011090 seconds 
========================================================================
Received Import Request.
  Time since last request: 0.000019 seconds.
  path: Assets/YughuesFreeMetalMaterials/Materials/M_YFMM_39.mat
  artifactKey: Guid(89b53b6902b0ec14baa1599e1c68d643) Importer(815301076,1909f56bfc062723c751e8b465ee728b)
Start importing Assets/YughuesFreeMetalMaterials/Materials/M_YFMM_39.mat using Guid(89b53b6902b0ec14baa1599e1c68d643) Importer(815301076,1909f56bfc062723c751e8b465ee728b)  -> (artifact id: '1e8549a3c31f6b56a624840b03cdf3d1') in 0.010474 seconds 
========================================================================
Received Import Request.
  Time since last request: 0.000015 seconds.
  path: Assets/YughuesFreeMetalMaterials/Materials/M_YFMM_34.mat
  artifactKey: Guid(4a2abd4f67aefc24b9c6cca2d197adc7) Importer(815301076,1909f56bfc062723c751e8b465ee728b)
Start importing Assets/YughuesFreeMetalMaterials/Materials/M_YFMM_34.mat using Guid(4a2abd4f67aefc24b9c6cca2d197adc7) Importer(815301076,1909f56bfc062723c751e8b465ee728b)  -> (artifact id: '8f65cc6bf259312bb0d263088d7ec2c1') in 0.010752 seconds 
========================================================================
Received Import Request.
  Time since last request: 0.000025 seconds.
  path: Assets/YughuesFreeMetalMaterials/Materials/M_YFMM_13.mat
  artifactKey: Guid(0e3ad63f883b06b458c1ef2d59167313) Importer(815301076,1909f56bfc062723c751e8b465ee728b)
Start importing Assets/YughuesFreeMetalMaterials/Materials/M_YFMM_13.mat using Guid(0e3ad63f883b06b458c1ef2d59167313) Importer(815301076,1909f56bfc062723c751e8b465ee728b)  -> (artifact id: '4e75cbee6aad8d3a6398ab9457848cef') in 0.010209 seconds 
========================================================================
Received Import Request.
  Time since last request: 0.000021 seconds.
  path: Assets/YughuesFreeMetalMaterials/Materials/M_YFMM_42.mat
  artifactKey: Guid(9ee5736c74580c341822a916611ab4f8) Importer(815301076,1909f56bfc062723c751e8b465ee728b)
Start importing Assets/YughuesFreeMetalMaterials/Materials/M_YFMM_42.mat using Guid(9ee5736c74580c341822a916611ab4f8) Importer(815301076,1909f56bfc062723c751e8b465ee728b)  -> (artifact id: '10a4b66dcbf57c1f73dc7213ee2638c2') in 0.009787 seconds 
========================================================================
Received Import Request.
  Time since last request: 0.000017 seconds.
  path: Assets/YughuesFreeMetalMaterials/Materials/M_YFMM_05.mat
  artifactKey: Guid(d5c2611926b334e488e131369218f292) Importer(815301076,1909f56bfc062723c751e8b465ee728b)
Start importing Assets/YughuesFreeMetalMaterials/Materials/M_YFMM_05.mat using Guid(d5c2611926b334e488e131369218f292) Importer(815301076,1909f56bfc062723c751e8b465ee728b)  -> (artifact id: '2028d0b2c7a396267612a832f6c5c159') in 0.009636 seconds 
========================================================================
Received Import Request.
  Time since last request: 0.000027 seconds.
  path: Assets/YughuesFreeMetalMaterials/Materials/M_YFMM_47.mat
  artifactKey: Guid(7a453bae213a8b04b9e9f8adb81cc8be) Importer(815301076,1909f56bfc062723c751e8b465ee728b)
Start importing Assets/YughuesFreeMetalMaterials/Materials/M_YFMM_47.mat using Guid(7a453bae213a8b04b9e9f8adb81cc8be) Importer(815301076,1909f56bfc062723c751e8b465ee728b)  -> (artifact id: '739f86e0f5f02407e4d903a806723486') in 0.012470 seconds 
========================================================================
Received Import Request.
  Time since last request: 0.000023 seconds.
  path: Assets/YughuesFreeMetalMaterials/Materials/M_YFMM_41.mat
  artifactKey: Guid(c50e2eb70fabc794d9dde9a41e831644) Importer(815301076,1909f56bfc062723c751e8b465ee728b)
Start importing Assets/YughuesFreeMetalMaterials/Materials/M_YFMM_41.mat using Guid(c50e2eb70fabc794d9dde9a41e831644) Importer(815301076,1909f56bfc062723c751e8b465ee728b)  -> (artifact id: '1deaa0794245b54f9336c11f6d78aefe') in 0.010944 seconds 
========================================================================
Received Import Request.
  Time since last request: 0.000022 seconds.
  path: Assets/YughuesFreeMetalMaterials/Materials/M_YFMM_03.mat
  artifactKey: Guid(d483b4637a2e1b84999ed6e843dd932a) Importer(815301076,1909f56bfc062723c751e8b465ee728b)
Start importing Assets/YughuesFreeMetalMaterials/Materials/M_YFMM_03.mat using Guid(d483b4637a2e1b84999ed6e843dd932a) Importer(815301076,1909f56bfc062723c751e8b465ee728b)  -> (artifact id: '36e5a2795c13c1f054cd09e170c47e7c') in 0.202828 seconds 
========================================================================
Received Import Request.
  Time since last request: 0.000017 seconds.
  path: Assets/YughuesFreeMetalMaterials/Materials/M_YFMM_30.mat
  artifactKey: Guid(a6d73f9e47bd28d438e0eaa89328614f) Importer(815301076,1909f56bfc062723c751e8b465ee728b)
Start importing Assets/YughuesFreeMetalMaterials/Materials/M_YFMM_30.mat using Guid(a6d73f9e47bd28d438e0eaa89328614f) Importer(815301076,1909f56bfc062723c751e8b465ee728b)  -> (artifact id: 'c462f1d69aaa462ca54ec3f928279cd6') in 0.011412 seconds 
========================================================================
Received Import Request.
  Time since last request: 0.000026 seconds.
  path: Assets/YughuesFreeMetalMaterials/Materials/M_YFMM_06.mat
  artifactKey: Guid(404f9faecac1f6d43b5fcefa89522ab1) Importer(815301076,1909f56bfc062723c751e8b465ee728b)
Start importing Assets/YughuesFreeMetalMaterials/Materials/M_YFMM_06.mat using Guid(404f9faecac1f6d43b5fcefa89522ab1) Importer(815301076,1909f56bfc062723c751e8b465ee728b)  -> (artifact id: '7140d64e825caccb8c7cf574147b3966') in 0.010379 seconds 
========================================================================
Received Import Request.
  Time since last request: 0.000015 seconds.
  path: Assets/YughuesFreeMetalMaterials/Materials/M_YFMM_15.mat
  artifactKey: Guid(dd9f6c05ac7b21e4abd45bc51f3ce0af) Importer(815301076,1909f56bfc062723c751e8b465ee728b)
Start importing Assets/YughuesFreeMetalMaterials/Materials/M_YFMM_15.mat using Guid(dd9f6c05ac7b21e4abd45bc51f3ce0af) Importer(815301076,1909f56bfc062723c751e8b465ee728b)  -> (artifact id: '0849ddebed187f6974d6fb19f1088d4b') in 0.009452 seconds 
========================================================================
Received Import Request.
  Time since last request: 0.000016 seconds.
  path: Assets/YughuesFreeMetalMaterials/Materials/M_YFMM_24.mat
  artifactKey: Guid(af089ba3f236b004fb2bb64119f294d8) Importer(815301076,1909f56bfc062723c751e8b465ee728b)
Start importing Assets/YughuesFreeMetalMaterials/Materials/M_YFMM_24.mat using Guid(af089ba3f236b004fb2bb64119f294d8) Importer(815301076,1909f56bfc062723c751e8b465ee728b)  -> (artifact id: '9424a259df79049daa6888d95a46a552') in 0.010768 seconds 
========================================================================
Received Import Request.
  Time since last request: 0.000018 seconds.
  path: Assets/YughuesFreeMetalMaterials/Materials/M_YFMM_07.mat
  artifactKey: Guid(579d167621596b0419dc2ebf58efe561) Importer(815301076,1909f56bfc062723c751e8b465ee728b)
Start importing Assets/YughuesFreeMetalMaterials/Materials/M_YFMM_07.mat using Guid(579d167621596b0419dc2ebf58efe561) Importer(815301076,1909f56bfc062723c751e8b465ee728b)  -> (artifact id: '4badd5059fa950913fc258854366e5aa') in 0.010780 seconds 
========================================================================
Received Import Request.
  Time since last request: 0.000018 seconds.
  path: Assets/YughuesFreeMetalMaterials/Materials/M_YFMM_17.mat
  artifactKey: Guid(719a1a58587c8784d86b0eec4539ef05) Importer(815301076,1909f56bfc062723c751e8b465ee728b)
Start importing Assets/YughuesFreeMetalMaterials/Materials/M_YFMM_17.mat using Guid(719a1a58587c8784d86b0eec4539ef05) Importer(815301076,1909f56bfc062723c751e8b465ee728b)  -> (artifact id: '71cc8ab3cd2a7ee1571f4f777f58b4bf') in 0.010168 seconds 
========================================================================
Received Import Request.
  Time since last request: 6.055075 seconds.
  path: Assets/YughuesFreeMetalMaterials/Demo/P_DEMO_YFMM_Spheres.prefab
  artifactKey: Guid(e3750ed9101e1b641a1c62d48ef3dac0) Importer(815301076,1909f56bfc062723c751e8b465ee728b)
Start importing Assets/YughuesFreeMetalMaterials/Demo/P_DEMO_YFMM_Spheres.prefab using Guid(e3750ed9101e1b641a1c62d48ef3dac0) Importer(815301076,1909f56bfc062723c751e8b465ee728b)  -> (artifact id: '5069a5809e061c696a71e079a5ac5e40') in 0.327216 seconds 
========================================================================
Received Import Request.
  Time since last request: 54.901480 seconds.
  path: Assets/Materials/Wall.physicMaterial
  artifactKey: Guid(9a049239611563148bd0b7428d9e33f7) Importer(815301076,1909f56bfc062723c751e8b465ee728b)
Start importing Assets/Materials/Wall.physicMaterial using Guid(9a049239611563148bd0b7428d9e33f7) Importer(815301076,1909f56bfc062723c751e8b465ee728b)  -> (artifact id: '16ae31bd8603faff3bb7fc2dc411cbcb') in 0.004370 seconds 
========================================================================
Received Import Request.
  Time since last request: 3.079091 seconds.
  path: Assets/Prefabs/wall.prefab
  artifactKey: Guid(416463e225aa78545ad8aa00f55dc45a) Importer(815301076,1909f56bfc062723c751e8b465ee728b)
Start importing Assets/Prefabs/wall.prefab using Guid(416463e225aa78545ad8aa00f55dc45a) Importer(815301076,1909f56bfc062723c751e8b465ee728b)  -> (artifact id: 'ae05e2f385d93910bb1557370ff45a69') in 0.015162 seconds 
Editor requested this worker to shutdown with reason: Scaling down because of idle timeout
AssetImportWorker is now disconnected from the server
Process exiting
Exiting without the bug reporter. Application will terminate with return code 0